[INFO ] 24-11-06 10:02:09 [FileuploadApplication:50] - Starting FileuploadApplication using Java 17.0.2 with PID 5648 (D:\jinsu_study\10_SpringBoot\11_FileUpload\build\classes\java\main started by user in D:\jinsu_study\10_SpringBoot\11_FileUpload)
[DEBUG] 24-11-06 10:02:09 [FileuploadApplication:51] - Running with Spring Boot v3.3.5, Spring v6.1.14
[INFO ] 24-11-06 10:02:09 [FileuploadApplication:654] - No active profile set, falling back to 1 default profile: "default"
[DEBUG] 24-11-06 10:02:11 [LogFactory:109] - Logging initialized using 'class org.apache.ibatis.logging.slf4j.Slf4jImpl' adapter.
[WARN ] 24-11-06 10:02:11 [ClassPathMapperScanner:44] - No MyBatis mapper was found in '[kr.jinsu.fileupload]' package. Please check your configuration.
[INFO ] 24-11-06 10:02:12 [FileuploadApplication:56] - Started FileuploadApplication in 3.148 seconds (process running for 3.739)
[INFO ] 24-11-06 10:02:16 [MyInterceptor:44] - -------- new client connect ----------
[INFO ] 24-11-06 10:02:16 [MyInterceptor:62] - [Client] 0:0:0:0:0:0:0:1, Other, Windows 10, Chrome 130.0
[INFO ] 24-11-06 10:02:16 [MyInterceptor:80] - [GET] http://localhost:8080/ajax/upload
[INFO ] 24-11-06 10:02:16 [MyInterceptor:117] - running time: 179(ms)
[INFO ] 24-11-06 10:02:22 [MyInterceptor:44] - -------- new client connect ----------
[INFO ] 24-11-06 10:02:22 [MyInterceptor:62] - [Client] 0:0:0:0:0:0:0:1, Other, Windows 10, Chrome 130.0
[INFO ] 24-11-06 10:02:22 [MyInterceptor:80] - [POST] http://localhost:8080/ajax/upload_ok
[INFO ] 24-11-06 10:02:22 [MyInterceptor:96] -  - REFERER : time = 6207, url = http://localhost:8080/ajax/upload 
[DEBUG] 24-11-06 10:02:22 [FileHelper:244] - Thumbnail] path: /2024/11/06/17308549428890.jpg, size: 640x640, crop: true
[DEBUG] 24-11-06 10:02:22 [FileHelper:262] - [Thumbnail] saveFile: D:\jinsu_study\10_SpringBoot\upload\2024\11\06\17308549428890_640x640.jpg
[DEBUG] 24-11-06 10:02:23 [FileHelper:237] - UploadItem(fieldName=profile-photo, originName=01_PC_main_IMG.jpg, contentType=image/jpeg, fileSize=393707, filePath=/2024/11/06/17308549428890.jpg, fileUrl=/files/2024/11/06/17308549428890.jpg, thumbnailPath=/2024/11/06/17308549428890_640x640.jpg, thumbnailUrl=/files/2024/11/06/17308549428890_640x640.jpg)
[INFO ] 24-11-06 10:02:23 [MyInterceptor:117] - running time: 265(ms)
[INFO ] 24-11-06 10:41:30 [FileuploadApplication:50] - Starting FileuploadApplication using Java 17.0.2 with PID 12596 (D:\jinsu_study\10_SpringBoot\11_FileUpload\build\classes\java\main started by user in D:\jinsu_study\10_SpringBoot\11_FileUpload)
[DEBUG] 24-11-06 10:41:30 [FileuploadApplication:51] - Running with Spring Boot v3.3.5, Spring v6.1.14
[INFO ] 24-11-06 10:41:30 [FileuploadApplication:654] - No active profile set, falling back to 1 default profile: "default"
[DEBUG] 24-11-06 10:41:32 [LogFactory:109] - Logging initialized using 'class org.apache.ibatis.logging.slf4j.Slf4jImpl' adapter.
[WARN ] 24-11-06 10:41:32 [ClassPathMapperScanner:44] - No MyBatis mapper was found in '[kr.jinsu.fileupload]' package. Please check your configuration.
[INFO ] 24-11-06 10:41:33 [FileuploadApplication:56] - Started FileuploadApplication in 3.381 seconds (process running for 4.223)
[INFO ] 24-11-06 10:41:38 [MyInterceptor:44] - -------- new client connect ----------
[INFO ] 24-11-06 10:41:38 [MyInterceptor:62] - [Client] 0:0:0:0:0:0:0:1, Other, Windows 10, Chrome 130.0
[INFO ] 24-11-06 10:41:38 [MyInterceptor:80] - [GET] http://localhost:8080/ajax/upload
[INFO ] 24-11-06 10:41:38 [MyInterceptor:117] - running time: 169(ms)
[INFO ] 24-11-06 10:41:42 [MyInterceptor:44] - -------- new client connect ----------
[INFO ] 24-11-06 10:41:42 [MyInterceptor:62] - [Client] 0:0:0:0:0:0:0:1, Other, Windows 10, Chrome 130.0
[INFO ] 24-11-06 10:41:42 [MyInterceptor:80] - [POST] http://localhost:8080/ajax/upload_ok
[INFO ] 24-11-06 10:41:42 [MyInterceptor:96] -  - REFERER : time = 3940, url = http://localhost:8080/ajax/upload 
[ERROR] 24-11-06 10:41:42 [FileHelper:153] - 업로드 실패
java.lang.NullPointerException: 업로드 된 파일이 없습니다.
	at kr.jinsu.fileupload.helpers.FileHelper.saveMultipartFile(FileHelper.java:152)
	at kr.jinsu.fileupload.controllers.UploadRestController.uploadOK(UploadRestController.java:34)
	at java.base/jdk.internal.reflect.NativeMethodAccessorImpl.invoke0(Native Method)
	at java.base/jdk.internal.reflect.NativeMethodAccessorImpl.invoke(NativeMethodAccessorImpl.java:77)
	at java.base/jdk.internal.reflect.DelegatingMethodAccessorImpl.invoke(DelegatingMethodAccessorImpl.java:43)
	at java.base/java.lang.reflect.Method.invoke(Method.java:568)
	at org.springframework.web.method.support.InvocableHandlerMethod.doInvoke(InvocableHandlerMethod.java:255)
	at org.springframework.web.method.support.InvocableHandlerMethod.invokeForRequest(InvocableHandlerMethod.java:188)
	at org.springframework.web.servlet.mvc.method.annotation.ServletInvocableHandlerMethod.invokeAndHandle(ServletInvocableHandlerMethod.java:118)
	at org.springframework.web.servlet.mvc.method.annotation.RequestMappingHandlerAdapter.invokeHandlerMethod(RequestMappingHandlerAdapter.java:926)
	at org.springframework.web.servlet.mvc.method.annotation.RequestMappingHandlerAdapter.handleInternal(RequestMappingHandlerAdapter.java:831)
	at org.springframework.web.servlet.mvc.method.AbstractHandlerMethodAdapter.handle(AbstractHandlerMethodAdapter.java:87)
	at org.springframework.web.servlet.DispatcherServlet.doDispatch(DispatcherServlet.java:1089)
	at org.springframework.web.servlet.DispatcherServlet.doService(DispatcherServlet.java:979)
	at org.springframework.web.servlet.FrameworkServlet.processRequest(FrameworkServlet.java:1014)
	at org.springframework.web.servlet.FrameworkServlet.doPost(FrameworkServlet.java:914)
	at jakarta.servlet.http.HttpServlet.service(HttpServlet.java:590)
	at org.springframework.web.servlet.FrameworkServlet.service(FrameworkServlet.java:885)
	at jakarta.servlet.http.HttpServlet.service(HttpServlet.java:658)
	at org.apache.catalina.core.ApplicationFilterChain.internalDoFilter(ApplicationFilterChain.java:195)
	at org.apache.catalina.core.ApplicationFilterChain.doFilter(ApplicationFilterChain.java:140)
	at org.apache.tomcat.websocket.server.WsFilter.doFilter(WsFilter.java:51)
	at org.apache.catalina.core.ApplicationFilterChain.internalDoFilter(ApplicationFilterChain.java:164)
	at org.apache.catalina.core.ApplicationFilterChain.doFilter(ApplicationFilterChain.java:140)
	at org.springframework.web.filter.RequestContextFilter.doFilterInternal(RequestContextFilter.java:100)
	at org.springframework.web.filter.OncePerRequestFilter.doFilter(OncePerRequestFilter.java:116)
	at org.apache.catalina.core.ApplicationFilterChain.internalDoFilter(ApplicationFilterChain.java:164)
	at org.apache.catalina.core.ApplicationFilterChain.doFilter(ApplicationFilterChain.java:140)
	at org.springframework.web.filter.FormContentFilter.doFilterInternal(FormContentFilter.java:93)
	at org.springframework.web.filter.OncePerRequestFilter.doFilter(OncePerRequestFilter.java:116)
	at org.apache.catalina.core.ApplicationFilterChain.internalDoFilter(ApplicationFilterChain.java:164)
	at org.apache.catalina.core.ApplicationFilterChain.doFilter(ApplicationFilterChain.java:140)
	at org.springframework.web.filter.ServerHttpObservationFilter.doFilterInternal(ServerHttpObservationFilter.java:113)
	at org.springframework.web.filter.OncePerRequestFilter.doFilter(OncePerRequestFilter.java:116)
	at org.apache.catalina.core.ApplicationFilterChain.internalDoFilter(ApplicationFilterChain.java:164)
	at org.apache.catalina.core.ApplicationFilterChain.doFilter(ApplicationFilterChain.java:140)
	at org.springframework.web.filter.CharacterEncodingFilter.doFilterInternal(CharacterEncodingFilter.java:201)
	at org.springframework.web.filter.OncePerRequestFilter.doFilter(OncePerRequestFilter.java:116)
	at org.apache.catalina.core.ApplicationFilterChain.internalDoFilter(ApplicationFilterChain.java:164)
	at org.apache.catalina.core.ApplicationFilterChain.doFilter(ApplicationFilterChain.java:140)
	at org.apache.catalina.core.StandardWrapperValve.invoke(StandardWrapperValve.java:167)
	at org.apache.catalina.core.StandardContextValve.invoke(StandardContextValve.java:90)
	at org.apache.catalina.authenticator.AuthenticatorBase.invoke(AuthenticatorBase.java:483)
	at org.apache.catalina.core.StandardHostValve.invoke(StandardHostValve.java:115)
	at org.apache.catalina.valves.ErrorReportValve.invoke(ErrorReportValve.java:93)
	at org.apache.catalina.core.StandardEngineValve.invoke(StandardEngineValve.java:74)
	at org.apache.catalina.connector.CoyoteAdapter.service(CoyoteAdapter.java:344)
	at org.apache.coyote.http11.Http11Processor.service(Http11Processor.java:384)
	at org.apache.coyote.AbstractProcessorLight.process(AbstractProcessorLight.java:63)
	at org.apache.coyote.AbstractProtocol$ConnectionHandler.process(AbstractProtocol.java:905)
	at org.apache.tomcat.util.net.NioEndpoint$SocketProcessor.doRun(NioEndpoint.java:1741)
	at org.apache.tomcat.util.net.SocketProcessorBase.run(SocketProcessorBase.java:52)
	at org.apache.tomcat.util.threads.ThreadPoolExecutor.runWorker(ThreadPoolExecutor.java:1190)
	at org.apache.tomcat.util.threads.ThreadPoolExecutor$Worker.run(ThreadPoolExecutor.java:659)
	at org.apache.tomcat.util.threads.TaskThread$WrappingRunnable.run(TaskThread.java:63)
	at java.base/java.lang.Thread.run(Thread.java:833)
[INFO ] 24-11-06 10:41:42 [MyInterceptor:117] - running time: 96(ms)
[INFO ] 24-11-06 10:41:47 [MyInterceptor:44] - -------- new client connect ----------
[INFO ] 24-11-06 10:41:47 [MyInterceptor:62] - [Client] 0:0:0:0:0:0:0:1, Other, Windows 10, Chrome 130.0
[INFO ] 24-11-06 10:41:47 [MyInterceptor:80] - [POST] http://localhost:8080/ajax/upload_ok
[INFO ] 24-11-06 10:41:47 [MyInterceptor:96] -  - REFERER : time = 5121, url = http://localhost:8080/ajax/upload 
[DEBUG] 24-11-06 10:41:47 [FileHelper:244] - Thumbnail] path: /2024/11/06/17308573078190.jpg, size: 640x640, crop: true
[DEBUG] 24-11-06 10:41:47 [FileHelper:262] - [Thumbnail] saveFile: D:\jinsu_study\10_SpringBoot\upload\2024\11\06\17308573078190_640x640.jpg
[DEBUG] 24-11-06 10:41:48 [FileHelper:237] - UploadItem(fieldName=profile-photo, originName=01_PC_main_IMG.jpg, contentType=image/jpeg, fileSize=393707, filePath=/2024/11/06/17308573078190.jpg, fileUrl=/files/2024/11/06/17308573078190.jpg, thumbnailPath=/2024/11/06/17308573078190_640x640.jpg, thumbnailUrl=/files/2024/11/06/17308573078190_640x640.jpg)
[INFO ] 24-11-06 10:41:48 [MyInterceptor:117] - running time: 250(ms)
[INFO ] 24-11-06 10:42:45 [FileuploadApplication:50] - Starting FileuploadApplication using Java 17.0.2 with PID 9392 (D:\jinsu_study\10_SpringBoot\11_FileUpload\build\classes\java\main started by user in D:\jinsu_study\10_SpringBoot\11_FileUpload)
[DEBUG] 24-11-06 10:42:45 [FileuploadApplication:51] - Running with Spring Boot v3.3.5, Spring v6.1.14
[INFO ] 24-11-06 10:42:45 [FileuploadApplication:654] - No active profile set, falling back to 1 default profile: "default"
[DEBUG] 24-11-06 10:42:46 [LogFactory:109] - Logging initialized using 'class org.apache.ibatis.logging.slf4j.Slf4jImpl' adapter.
[WARN ] 24-11-06 10:42:46 [ClassPathMapperScanner:44] - No MyBatis mapper was found in '[kr.jinsu.fileupload]' package. Please check your configuration.
[INFO ] 24-11-06 10:42:48 [FileuploadApplication:56] - Started FileuploadApplication in 3.395 seconds (process running for 4.478)
[INFO ] 24-11-06 10:43:01 [MyInterceptor:44] - -------- new client connect ----------
[INFO ] 24-11-06 10:43:01 [MyInterceptor:62] - [Client] 0:0:0:0:0:0:0:1, Other, Windows 10, Chrome 130.0
[INFO ] 24-11-06 10:43:01 [MyInterceptor:80] - [POST] http://localhost:8080/ajax/upload_ok
[DEBUG] 24-11-06 10:43:01 [FileHelper:244] - Thumbnail] path: /2024/11/06/17308573814760.jpg, size: 640x640, crop: true
[DEBUG] 24-11-06 10:43:01 [FileHelper:262] - [Thumbnail] saveFile: D:\jinsu_study\10_SpringBoot\upload\2024\11\06\17308573814760_640x640.jpg
[DEBUG] 24-11-06 10:43:01 [FileHelper:237] - UploadItem(fieldName=profile-photo, originName=04_PC_main_IMG.jpg, contentType=image/jpeg, fileSize=400622, filePath=/2024/11/06/17308573814760.jpg, fileUrl=/files/2024/11/06/17308573814760.jpg, thumbnailPath=/2024/11/06/17308573814760_640x640.jpg, thumbnailUrl=/files/2024/11/06/17308573814760_640x640.jpg)
[INFO ] 24-11-06 10:43:01 [MyInterceptor:117] - running time: 383(ms)
[INFO ] 24-11-06 10:44:40 [FileuploadApplication:50] - Starting FileuploadApplication using Java 17.0.2 with PID 4812 (D:\jinsu_study\10_SpringBoot\11_FileUpload\build\classes\java\main started by user in D:\jinsu_study\10_SpringBoot\11_FileUpload)
[DEBUG] 24-11-06 10:44:40 [FileuploadApplication:51] - Running with Spring Boot v3.3.5, Spring v6.1.14
[INFO ] 24-11-06 10:44:40 [FileuploadApplication:654] - No active profile set, falling back to 1 default profile: "default"
[DEBUG] 24-11-06 10:44:41 [LogFactory:109] - Logging initialized using 'class org.apache.ibatis.logging.slf4j.Slf4jImpl' adapter.
[WARN ] 24-11-06 10:44:41 [ClassPathMapperScanner:44] - No MyBatis mapper was found in '[kr.jinsu.fileupload]' package. Please check your configuration.
[INFO ] 24-11-06 10:44:43 [FileuploadApplication:56] - Started FileuploadApplication in 3.142 seconds (process running for 3.939)
[INFO ] 24-11-06 10:44:49 [MyInterceptor:44] - -------- new client connect ----------
[INFO ] 24-11-06 10:44:49 [MyInterceptor:62] - [Client] 0:0:0:0:0:0:0:1, Other, Windows 10, Chrome 130.0
[INFO ] 24-11-06 10:44:49 [MyInterceptor:80] - [POST] http://localhost:8080/ajax/upload_ok
[DEBUG] 24-11-06 10:44:49 [FileHelper:244] - Thumbnail] path: /2024/11/06/17308574899820.jpg, size: 640x640, crop: true
[DEBUG] 24-11-06 10:44:49 [FileHelper:262] - [Thumbnail] saveFile: D:\jinsu_study\10_SpringBoot\upload\2024\11\06\17308574899820_640x640.jpg
[DEBUG] 24-11-06 10:44:50 [FileHelper:237] - UploadItem(fieldName=profile-photo, originName=04_PC_main_IMG.jpg, contentType=image/jpeg, fileSize=400622, filePath=/2024/11/06/17308574899820.jpg, fileUrl=/files/2024/11/06/17308574899820.jpg, thumbnailPath=/2024/11/06/17308574899820_640x640.jpg, thumbnailUrl=/files/2024/11/06/17308574899820_640x640.jpg)
[INFO ] 24-11-06 10:44:50 [MyInterceptor:117] - running time: 383(ms)
[INFO ] 24-11-06 10:45:19 [FileuploadApplication:50] - Starting FileuploadApplication using Java 17.0.2 with PID 10588 (D:\jinsu_study\10_SpringBoot\11_FileUpload\build\classes\java\main started by user in D:\jinsu_study\10_SpringBoot\11_FileUpload)
[DEBUG] 24-11-06 10:45:19 [FileuploadApplication:51] - Running with Spring Boot v3.3.5, Spring v6.1.14
[INFO ] 24-11-06 10:45:19 [FileuploadApplication:654] - No active profile set, falling back to 1 default profile: "default"
[DEBUG] 24-11-06 10:45:20 [LogFactory:109] - Logging initialized using 'class org.apache.ibatis.logging.slf4j.Slf4jImpl' adapter.
[WARN ] 24-11-06 10:45:20 [ClassPathMapperScanner:44] - No MyBatis mapper was found in '[kr.jinsu.fileupload]' package. Please check your configuration.
[INFO ] 24-11-06 10:45:22 [FileuploadApplication:56] - Started FileuploadApplication in 3.24 seconds (process running for 3.923)
[INFO ] 24-11-06 10:48:23 [MyInterceptor:44] - -------- new client connect ----------
[INFO ] 24-11-06 10:48:23 [MyInterceptor:62] - [Client] 0:0:0:0:0:0:0:1, Other, Windows 10, Chrome 130.0
[INFO ] 24-11-06 10:48:23 [MyInterceptor:80] - [GET] http://localhost:8080/api/department/101
[INFO ] 24-11-06 10:48:42 [FileuploadApplication:50] - Starting FileuploadApplication using Java 17.0.2 with PID 10792 (D:\jinsu_study\10_SpringBoot\11_FileUpload\build\classes\java\main started by user in D:\jinsu_study\10_SpringBoot\11_FileUpload)
[DEBUG] 24-11-06 10:48:42 [FileuploadApplication:51] - Running with Spring Boot v3.3.5, Spring v6.1.14
[INFO ] 24-11-06 10:48:42 [FileuploadApplication:654] - No active profile set, falling back to 1 default profile: "default"
[DEBUG] 24-11-06 10:48:43 [LogFactory:109] - Logging initialized using 'class org.apache.ibatis.logging.slf4j.Slf4jImpl' adapter.
[WARN ] 24-11-06 10:48:43 [ClassPathMapperScanner:44] - No MyBatis mapper was found in '[kr.jinsu.fileupload]' package. Please check your configuration.
[INFO ] 24-11-06 10:48:45 [FileuploadApplication:56] - Started FileuploadApplication in 3.043 seconds (process running for 3.806)
[INFO ] 24-11-06 10:49:02 [MyInterceptor:44] - -------- new client connect ----------
[INFO ] 24-11-06 10:49:02 [MyInterceptor:62] - [Client] 0:0:0:0:0:0:0:1, Other, Windows 10, Chrome 130.0
[INFO ] 24-11-06 10:49:02 [MyInterceptor:80] - [GET] http://localhost:8080/ajax/upload
[INFO ] 24-11-06 10:49:02 [MyInterceptor:117] - running time: 165(ms)
[INFO ] 24-11-06 10:49:13 [MyInterceptor:44] - -------- new client connect ----------
[INFO ] 24-11-06 10:49:13 [MyInterceptor:62] - [Client] 0:0:0:0:0:0:0:1, Other, Windows 10, Chrome 130.0
[INFO ] 24-11-06 10:49:13 [MyInterceptor:80] - [POST] http://localhost:8080/ajax/upload_ok
[INFO ] 24-11-06 10:49:13 [MyInterceptor:96] -  - REFERER : time = 10681, url = http://localhost:8080/ajax/upload 
[DEBUG] 24-11-06 10:49:13 [FileHelper:244] - Thumbnail] path: /2024/11/06/17308577533750.jpg, size: 640x640, crop: true
[DEBUG] 24-11-06 10:49:13 [FileHelper:262] - [Thumbnail] saveFile: D:\jinsu_study\10_SpringBoot\upload\2024\11\06\17308577533750_640x640.jpg
[DEBUG] 24-11-06 10:49:13 [FileHelper:237] - UploadItem(fieldName=profile-photo, originName=01_PC_main_IMG.jpg, contentType=image/jpeg, fileSize=393707, filePath=/2024/11/06/17308577533750.jpg, fileUrl=/files/2024/11/06/17308577533750.jpg, thumbnailPath=/2024/11/06/17308577533750_640x640.jpg, thumbnailUrl=/files/2024/11/06/17308577533750_640x640.jpg)
[INFO ] 24-11-06 10:49:13 [MyInterceptor:117] - running time: 250(ms)
[INFO ] 24-11-06 10:49:13 [MyInterceptor:44] - -------- new client connect ----------
[INFO ] 24-11-06 10:49:13 [MyInterceptor:62] - [Client] 0:0:0:0:0:0:0:1, Other, Windows 10, Chrome 130.0
[INFO ] 24-11-06 10:49:13 [MyInterceptor:80] - [GET] http://localhost:8080/files/2024/11/06/17308577533750_640x640.jpg
[INFO ] 24-11-06 10:49:13 [MyInterceptor:96] -  - REFERER : time = 10, url = http://localhost:8080/ajax/upload 
[INFO ] 24-11-06 10:49:13 [MyInterceptor:117] - running time: 54(ms)
[INFO ] 24-11-06 10:50:34 [MyInterceptor:44] - -------- new client connect ----------
[INFO ] 24-11-06 10:50:34 [MyInterceptor:62] - [Client] 0:0:0:0:0:0:0:1, Other, Windows 10, Chrome 130.0
[INFO ] 24-11-06 10:50:34 [MyInterceptor:80] - [POST] http://localhost:8080/ajax/upload_ok
[INFO ] 24-11-06 10:50:34 [MyInterceptor:96] -  - REFERER : time = 80801, url = http://localhost:8080/ajax/upload 
[DEBUG] 24-11-06 10:50:34 [FileHelper:244] - Thumbnail] path: /2024/11/06/17308578344740.jpg, size: 640x640, crop: true
[DEBUG] 24-11-06 10:50:34 [FileHelper:262] - [Thumbnail] saveFile: D:\jinsu_study\10_SpringBoot\upload\2024\11\06\17308578344740_640x640.jpg
[DEBUG] 24-11-06 10:50:34 [FileHelper:237] - UploadItem(fieldName=profile-photo, originName=02_PC_main_IMG.jpg, contentType=image/jpeg, fileSize=628381, filePath=/2024/11/06/17308578344740.jpg, fileUrl=/files/2024/11/06/17308578344740.jpg, thumbnailPath=/2024/11/06/17308578344740_640x640.jpg, thumbnailUrl=/files/2024/11/06/17308578344740_640x640.jpg)
[INFO ] 24-11-06 10:50:34 [MyInterceptor:117] - running time: 146(ms)
[INFO ] 24-11-06 10:50:34 [MyInterceptor:44] - -------- new client connect ----------
[INFO ] 24-11-06 10:50:34 [MyInterceptor:62] - [Client] 0:0:0:0:0:0:0:1, Other, Windows 10, Chrome 130.0
[INFO ] 24-11-06 10:50:34 [MyInterceptor:80] - [GET] http://localhost:8080/files/2024/11/06/17308578344740_640x640.jpg
[INFO ] 24-11-06 10:50:34 [MyInterceptor:96] -  - REFERER : time = 7, url = http://localhost:8080/ajax/upload 
[INFO ] 24-11-06 10:50:34 [MyInterceptor:117] - running time: 41(ms)
[INFO ] 24-11-06 10:50:36 [MyInterceptor:44] - -------- new client connect ----------
[INFO ] 24-11-06 10:50:36 [MyInterceptor:62] - [Client] 0:0:0:0:0:0:0:1, Other, Windows 10, Chrome 130.0
[INFO ] 24-11-06 10:50:36 [MyInterceptor:80] - [POST] http://localhost:8080/ajax/upload_ok
[INFO ] 24-11-06 10:50:36 [MyInterceptor:96] -  - REFERER : time = 1836, url = http://localhost:8080/ajax/upload 
[DEBUG] 24-11-06 10:50:36 [FileHelper:244] - Thumbnail] path: /2024/11/06/17308578364970.jpg, size: 640x640, crop: true
[DEBUG] 24-11-06 10:50:36 [FileHelper:262] - [Thumbnail] saveFile: D:\jinsu_study\10_SpringBoot\upload\2024\11\06\17308578364970_640x640.jpg
[DEBUG] 24-11-06 10:50:36 [FileHelper:237] - UploadItem(fieldName=profile-photo, originName=02_PC_main_IMG.jpg, contentType=image/jpeg, fileSize=628381, filePath=/2024/11/06/17308578364970.jpg, fileUrl=/files/2024/11/06/17308578364970.jpg, thumbnailPath=/2024/11/06/17308578364970_640x640.jpg, thumbnailUrl=/files/2024/11/06/17308578364970_640x640.jpg)
[INFO ] 24-11-06 10:50:36 [MyInterceptor:117] - running time: 166(ms)
[INFO ] 24-11-06 10:50:36 [MyInterceptor:44] - -------- new client connect ----------
[INFO ] 24-11-06 10:50:36 [MyInterceptor:62] - [Client] 0:0:0:0:0:0:0:1, Other, Windows 10, Chrome 130.0
[INFO ] 24-11-06 10:50:36 [MyInterceptor:80] - [GET] http://localhost:8080/files/2024/11/06/17308578364970_640x640.jpg
[INFO ] 24-11-06 10:50:36 [MyInterceptor:96] -  - REFERER : time = 4, url = http://localhost:8080/ajax/upload 
[INFO ] 24-11-06 10:50:36 [MyInterceptor:117] - running time: 31(ms)
[INFO ] 24-11-06 10:50:42 [MyInterceptor:44] - -------- new client connect ----------
[INFO ] 24-11-06 10:50:42 [MyInterceptor:62] - [Client] 0:0:0:0:0:0:0:1, Other, Windows 10, Chrome 130.0
[INFO ] 24-11-06 10:50:42 [MyInterceptor:80] - [POST] http://localhost:8080/ajax/upload_ok
[INFO ] 24-11-06 10:50:42 [MyInterceptor:96] -  - REFERER : time = 6015, url = http://localhost:8080/ajax/upload 
[DEBUG] 24-11-06 10:50:42 [FileHelper:244] - Thumbnail] path: /2024/11/06/17308578427030.jpg, size: 640x640, crop: true
[DEBUG] 24-11-06 10:50:42 [FileHelper:262] - [Thumbnail] saveFile: D:\jinsu_study\10_SpringBoot\upload\2024\11\06\17308578427030_640x640.jpg
[DEBUG] 24-11-06 10:50:42 [FileHelper:237] - UploadItem(fieldName=profile-photo, originName=01_PC_main_IMG.jpg, contentType=image/jpeg, fileSize=393707, filePath=/2024/11/06/17308578427030.jpg, fileUrl=/files/2024/11/06/17308578427030.jpg, thumbnailPath=/2024/11/06/17308578427030_640x640.jpg, thumbnailUrl=/files/2024/11/06/17308578427030_640x640.jpg)
[INFO ] 24-11-06 10:50:42 [MyInterceptor:117] - running time: 111(ms)
[INFO ] 24-11-06 10:50:42 [MyInterceptor:44] - -------- new client connect ----------
[INFO ] 24-11-06 10:50:42 [MyInterceptor:62] - [Client] 0:0:0:0:0:0:0:1, Other, Windows 10, Chrome 130.0
[INFO ] 24-11-06 10:50:42 [MyInterceptor:80] - [GET] http://localhost:8080/files/2024/11/06/17308578427030_640x640.jpg
[INFO ] 24-11-06 10:50:42 [MyInterceptor:96] -  - REFERER : time = 12, url = http://localhost:8080/ajax/upload 
[INFO ] 24-11-06 10:50:42 [MyInterceptor:117] - running time: 29(ms)
[INFO ] 24-11-06 13:16:58 [FileuploadApplication:50] - Starting FileuploadApplication using Java 17.0.2 with PID 12632 (D:\jinsu_study\10_SpringBoot\11_FileUpload\build\classes\java\main started by user in D:\jinsu_study\10_SpringBoot\11_FileUpload)
[DEBUG] 24-11-06 13:16:58 [FileuploadApplication:51] - Running with Spring Boot v3.3.5, Spring v6.1.14
[INFO ] 24-11-06 13:16:58 [FileuploadApplication:654] - No active profile set, falling back to 1 default profile: "default"
[DEBUG] 24-11-06 13:16:59 [LogFactory:109] - Logging initialized using 'class org.apache.ibatis.logging.slf4j.Slf4jImpl' adapter.
[WARN ] 24-11-06 13:16:59 [ClassPathMapperScanner:44] - No MyBatis mapper was found in '[kr.jinsu.fileupload]' package. Please check your configuration.
[INFO ] 24-11-06 13:17:01 [FileuploadApplication:56] - Started FileuploadApplication in 3.182 seconds (process running for 3.987)
[INFO ] 24-11-06 13:17:10 [MyInterceptor:44] - -------- new client connect ----------
[INFO ] 24-11-06 13:17:10 [MyInterceptor:62] - [Client] 0:0:0:0:0:0:0:1, Other, Windows 10, Chrome 130.0
[INFO ] 24-11-06 13:17:10 [MyInterceptor:80] - [GET] http://localhost:8080/ajax/upload_multi
[INFO ] 24-11-06 13:17:10 [MyInterceptor:117] - running time: 186(ms)
[INFO ] 24-11-06 13:17:16 [MyInterceptor:44] - -------- new client connect ----------
[INFO ] 24-11-06 13:17:16 [MyInterceptor:62] - [Client] 0:0:0:0:0:0:0:1, Other, Windows 10, Chrome 130.0
[INFO ] 24-11-06 13:17:16 [MyInterceptor:80] - [POST] http://localhost:8080/ajax/upload_multi_ok
[INFO ] 24-11-06 13:17:16 [MyInterceptor:96] -  - REFERER : time = 6167, url = http://localhost:8080/ajax/upload_multi 
[DEBUG] 24-11-06 13:17:16 [FileHelper:244] - Thumbnail] path: /2024/11/06/17308666366630.jpg, size: 640x640, crop: true
[DEBUG] 24-11-06 13:17:16 [FileHelper:262] - [Thumbnail] saveFile: D:\jinsu_study\10_SpringBoot\upload\2024\11\06\17308666366630_640x640.jpg
[DEBUG] 24-11-06 13:17:16 [FileHelper:237] - UploadItem(fieldName=profile-photo, originName=01_PC_main_IMG.jpg, contentType=image/jpeg, fileSize=393707, filePath=/2024/11/06/17308666366630.jpg, fileUrl=/files/2024/11/06/17308666366630.jpg, thumbnailPath=/2024/11/06/17308666366630_640x640.jpg, thumbnailUrl=/files/2024/11/06/17308666366630_640x640.jpg)
[DEBUG] 24-11-06 13:17:16 [FileHelper:244] - Thumbnail] path: /2024/11/06/17308666368440.jpg, size: 640x640, crop: true
[DEBUG] 24-11-06 13:17:16 [FileHelper:262] - [Thumbnail] saveFile: D:\jinsu_study\10_SpringBoot\upload\2024\11\06\17308666368440_640x640.jpg
[DEBUG] 24-11-06 13:17:16 [FileHelper:237] - UploadItem(fieldName=profile-photo, originName=02_PC_main_IMG.jpg, contentType=image/jpeg, fileSize=628381, filePath=/2024/11/06/17308666368440.jpg, fileUrl=/files/2024/11/06/17308666368440.jpg, thumbnailPath=/2024/11/06/17308666368440_640x640.jpg, thumbnailUrl=/files/2024/11/06/17308666368440_640x640.jpg)
[DEBUG] 24-11-06 13:17:16 [FileHelper:244] - Thumbnail] path: /2024/11/06/17308666369520.jpg, size: 640x640, crop: true
[DEBUG] 24-11-06 13:17:16 [FileHelper:262] - [Thumbnail] saveFile: D:\jinsu_study\10_SpringBoot\upload\2024\11\06\17308666369520_640x640.jpg
[DEBUG] 24-11-06 13:17:17 [FileHelper:237] - UploadItem(fieldName=profile-photo, originName=04_PC_main_IMG.jpg, contentType=image/jpeg, fileSize=400622, filePath=/2024/11/06/17308666369520.jpg, fileUrl=/files/2024/11/06/17308666369520.jpg, thumbnailPath=/2024/11/06/17308666369520_640x640.jpg, thumbnailUrl=/files/2024/11/06/17308666369520_640x640.jpg)
[INFO ] 24-11-06 13:17:17 [MyInterceptor:117] - running time: 440(ms)
[INFO ] 24-11-06 13:19:59 [FileuploadApplication:50] - Starting FileuploadApplication using Java 17.0.2 with PID 13104 (D:\jinsu_study\10_SpringBoot\11_FileUpload\build\classes\java\main started by user in D:\jinsu_study\10_SpringBoot\11_FileUpload)
[DEBUG] 24-11-06 13:19:59 [FileuploadApplication:51] - Running with Spring Boot v3.3.5, Spring v6.1.14
[INFO ] 24-11-06 13:19:59 [FileuploadApplication:654] - No active profile set, falling back to 1 default profile: "default"
[DEBUG] 24-11-06 13:20:00 [LogFactory:109] - Logging initialized using 'class org.apache.ibatis.logging.slf4j.Slf4jImpl' adapter.
[WARN ] 24-11-06 13:20:00 [ClassPathMapperScanner:44] - No MyBatis mapper was found in '[kr.jinsu.fileupload]' package. Please check your configuration.
[INFO ] 24-11-06 13:20:01 [FileuploadApplication:56] - Started FileuploadApplication in 3.123 seconds (process running for 3.91)
[INFO ] 24-11-06 13:20:01 [MyInterceptor:44] - -------- new client connect ----------
[INFO ] 24-11-06 13:20:01 [MyInterceptor:62] - [Client] 0:0:0:0:0:0:0:1, Other, Windows 10, Chrome 130.0
[INFO ] 24-11-06 13:20:01 [MyInterceptor:80] - [GET] http://localhost:8080/ajax/upload_multi
[INFO ] 24-11-06 13:20:01 [MyInterceptor:117] - running time: 181(ms)
[INFO ] 24-11-06 13:20:06 [MyInterceptor:44] - -------- new client connect ----------
[INFO ] 24-11-06 13:20:06 [MyInterceptor:62] - [Client] 127.0.0.1, Other, Windows 10, Chrome 130.0
[INFO ] 24-11-06 13:20:06 [MyInterceptor:80] - [POST] http://localhost:8080/ajax/upload_multi_ok
[INFO ] 24-11-06 13:20:06 [MyInterceptor:96] -  - REFERER : time = 4404, url = http://localhost:8080/ajax/upload_multi 
[DEBUG] 24-11-06 13:20:06 [FileHelper:244] - Thumbnail] path: /2024/11/06/17308668064220.jpg, size: 640x640, crop: true
[DEBUG] 24-11-06 13:20:06 [FileHelper:262] - [Thumbnail] saveFile: D:\jinsu_study\10_SpringBoot\upload\2024\11\06\17308668064220_640x640.jpg
[DEBUG] 24-11-06 13:20:06 [FileHelper:237] - UploadItem(fieldName=profile-photo, originName=01_PC_main_IMG.jpg, contentType=image/jpeg, fileSize=393707, filePath=/2024/11/06/17308668064220.jpg, fileUrl=/files/2024/11/06/17308668064220.jpg, thumbnailPath=/2024/11/06/17308668064220_640x640.jpg, thumbnailUrl=/files/2024/11/06/17308668064220_640x640.jpg)
[DEBUG] 24-11-06 13:20:06 [FileHelper:244] - Thumbnail] path: /2024/11/06/17308668066060.jpg, size: 640x640, crop: true
[DEBUG] 24-11-06 13:20:06 [FileHelper:262] - [Thumbnail] saveFile: D:\jinsu_study\10_SpringBoot\upload\2024\11\06\17308668066060_640x640.jpg
[DEBUG] 24-11-06 13:20:06 [FileHelper:237] - UploadItem(fieldName=profile-photo, originName=02_PC_main_IMG.jpg, contentType=image/jpeg, fileSize=628381, filePath=/2024/11/06/17308668066060.jpg, fileUrl=/files/2024/11/06/17308668066060.jpg, thumbnailPath=/2024/11/06/17308668066060_640x640.jpg, thumbnailUrl=/files/2024/11/06/17308668066060_640x640.jpg)
[DEBUG] 24-11-06 13:20:06 [FileHelper:244] - Thumbnail] path: /2024/11/06/17308668067160.jpg, size: 640x640, crop: true
[DEBUG] 24-11-06 13:20:06 [FileHelper:262] - [Thumbnail] saveFile: D:\jinsu_study\10_SpringBoot\upload\2024\11\06\17308668067160_640x640.jpg
[DEBUG] 24-11-06 13:20:06 [FileHelper:237] - UploadItem(fieldName=profile-photo, originName=04_PC_main_IMG.jpg, contentType=image/jpeg, fileSize=400622, filePath=/2024/11/06/17308668067160.jpg, fileUrl=/files/2024/11/06/17308668067160.jpg, thumbnailPath=/2024/11/06/17308668067160_640x640.jpg, thumbnailUrl=/files/2024/11/06/17308668067160_640x640.jpg)
[INFO ] 24-11-06 13:20:06 [MyInterceptor:117] - running time: 456(ms)
[INFO ] 24-11-06 13:20:06 [MyInterceptor:44] - -------- new client connect ----------
[INFO ] 24-11-06 13:20:06 [MyInterceptor:44] - -------- new client connect ----------
[INFO ] 24-11-06 13:20:06 [MyInterceptor:44] - -------- new client connect ----------
[INFO ] 24-11-06 13:20:06 [MyInterceptor:62] - [Client] 127.0.0.1, Other, Windows 10, Chrome 130.0
[INFO ] 24-11-06 13:20:06 [MyInterceptor:80] - [GET] http://localhost:8080/files/2024/11/06/17308668064220_640x640.jpg
[INFO ] 24-11-06 13:20:06 [MyInterceptor:96] -  - REFERER : time = 10, url = http://localhost:8080/ajax/upload_multi 
[INFO ] 24-11-06 13:20:06 [MyInterceptor:117] - running time: 74(ms)
[INFO ] 24-11-06 13:20:06 [MyInterceptor:62] - [Client] 0:0:0:0:0:0:0:1, Other, Windows 10, Chrome 130.0
[INFO ] 24-11-06 13:20:06 [MyInterceptor:80] - [GET] http://localhost:8080/files/2024/11/06/17308668066060_640x640.jpg
[INFO ] 24-11-06 13:20:06 [MyInterceptor:62] - [Client] 127.0.0.1, Other, Windows 10, Chrome 130.0
[INFO ] 24-11-06 13:20:06 [MyInterceptor:80] - [GET] http://localhost:8080/files/2024/11/06/17308668067160_640x640.jpg
[INFO ] 24-11-06 13:20:06 [MyInterceptor:96] -  - REFERER : time = -74, url = http://localhost:8080/ajax/upload_multi 
[INFO ] 24-11-06 13:20:06 [MyInterceptor:96] -  - REFERER : time = -74, url = http://localhost:8080/ajax/upload_multi 
[INFO ] 24-11-06 13:20:06 [MyInterceptor:117] - running time: 88(ms)
[INFO ] 24-11-06 13:20:06 [MyInterceptor:117] - running time: 88(ms)
[INFO ] 24-11-06 13:20:33 [MyInterceptor:44] - -------- new client connect ----------
[INFO ] 24-11-06 13:20:33 [MyInterceptor:62] - [Client] 0:0:0:0:0:0:0:1, Other, Windows 10, Chrome 130.0
[INFO ] 24-11-06 13:20:33 [MyInterceptor:80] - [GET] http://localhost:8080/simple/upload_single
[INFO ] 24-11-06 13:20:33 [MyInterceptor:96] -  - REFERER : time = 26259, url = http://localhost:8080/ajax/upload_multi 
[INFO ] 24-11-06 13:20:39 [MyInterceptor:44] - -------- new client connect ----------
[INFO ] 24-11-06 13:20:40 [MyInterceptor:62] - [Client] 127.0.0.1, Other, Windows 10, Chrome 130.0
[INFO ] 24-11-06 13:20:40 [MyInterceptor:80] - [POST] http://localhost:8080/ajax/upload_multi_ok
[INFO ] 24-11-06 13:20:40 [MyInterceptor:96] -  - REFERER : time = 33083, url = http://localhost:8080/ajax/upload_multi 
[DEBUG] 24-11-06 13:20:40 [FileHelper:244] - Thumbnail] path: /2024/11/06/17308668400380.jpg, size: 640x640, crop: true
[DEBUG] 24-11-06 13:20:40 [FileHelper:262] - [Thumbnail] saveFile: D:\jinsu_study\10_SpringBoot\upload\2024\11\06\17308668400380_640x640.jpg
[DEBUG] 24-11-06 13:20:40 [FileHelper:237] - UploadItem(fieldName=profile-photo, originName=01_PC_main_IMG.jpg, contentType=image/jpeg, fileSize=393707, filePath=/2024/11/06/17308668400380.jpg, fileUrl=/files/2024/11/06/17308668400380.jpg, thumbnailPath=/2024/11/06/17308668400380_640x640.jpg, thumbnailUrl=/files/2024/11/06/17308668400380_640x640.jpg)
[DEBUG] 24-11-06 13:20:40 [FileHelper:244] - Thumbnail] path: /2024/11/06/17308668401260.jpg, size: 640x640, crop: true
[DEBUG] 24-11-06 13:20:40 [FileHelper:262] - [Thumbnail] saveFile: D:\jinsu_study\10_SpringBoot\upload\2024\11\06\17308668401260_640x640.jpg
[DEBUG] 24-11-06 13:20:40 [FileHelper:237] - UploadItem(fieldName=profile-photo, originName=02_PC_main_IMG.jpg, contentType=image/jpeg, fileSize=628381, filePath=/2024/11/06/17308668401260.jpg, fileUrl=/files/2024/11/06/17308668401260.jpg, thumbnailPath=/2024/11/06/17308668401260_640x640.jpg, thumbnailUrl=/files/2024/11/06/17308668401260_640x640.jpg)
[DEBUG] 24-11-06 13:20:40 [FileHelper:244] - Thumbnail] path: /2024/11/06/17308668402740.jpg, size: 640x640, crop: true
[DEBUG] 24-11-06 13:20:40 [FileHelper:262] - [Thumbnail] saveFile: D:\jinsu_study\10_SpringBoot\upload\2024\11\06\17308668402740_640x640.jpg
[DEBUG] 24-11-06 13:20:40 [FileHelper:237] - UploadItem(fieldName=profile-photo, originName=04_PC_main_IMG.jpg, contentType=image/jpeg, fileSize=400622, filePath=/2024/11/06/17308668402740.jpg, fileUrl=/files/2024/11/06/17308668402740.jpg, thumbnailPath=/2024/11/06/17308668402740_640x640.jpg, thumbnailUrl=/files/2024/11/06/17308668402740_640x640.jpg)
[INFO ] 24-11-06 13:20:40 [MyInterceptor:117] - running time: 358(ms)
[INFO ] 24-11-06 13:20:40 [MyInterceptor:44] - -------- new client connect ----------
[INFO ] 24-11-06 13:20:40 [MyInterceptor:44] - -------- new client connect ----------
[INFO ] 24-11-06 13:20:40 [MyInterceptor:44] - -------- new client connect ----------
[INFO ] 24-11-06 13:20:40 [MyInterceptor:62] - [Client] 127.0.0.1, Other, Windows 10, Chrome 130.0
[INFO ] 24-11-06 13:20:40 [MyInterceptor:62] - [Client] 127.0.0.1, Other, Windows 10, Chrome 130.0
[INFO ] 24-11-06 13:20:40 [MyInterceptor:80] - [GET] http://localhost:8080/files/2024/11/06/17308668400380_640x640.jpg
[INFO ] 24-11-06 13:20:40 [MyInterceptor:80] - [GET] http://localhost:8080/files/2024/11/06/17308668402740_640x640.jpg
[INFO ] 24-11-06 13:20:40 [MyInterceptor:96] -  - REFERER : time = 8, url = http://localhost:8080/ajax/upload_multi 
[INFO ] 24-11-06 13:20:40 [MyInterceptor:62] - [Client] 0:0:0:0:0:0:0:1, Other, Windows 10, Chrome 130.0
[INFO ] 24-11-06 13:20:40 [MyInterceptor:96] -  - REFERER : time = 8, url = http://localhost:8080/ajax/upload_multi 
[INFO ] 24-11-06 13:20:40 [MyInterceptor:80] - [GET] http://localhost:8080/files/2024/11/06/17308668401260_640x640.jpg
[INFO ] 24-11-06 13:20:40 [MyInterceptor:96] -  - REFERER : time = 8, url = http://localhost:8080/ajax/upload_multi 
[INFO ] 24-11-06 13:20:40 [MyInterceptor:117] - running time: 62(ms)
[INFO ] 24-11-06 13:20:40 [MyInterceptor:117] - running time: 73(ms)
[INFO ] 24-11-06 13:20:40 [MyInterceptor:117] - running time: 81(ms)
